[debug] [2023-05-31T16:26:35.615Z] ----------------------------------------------------------------------
[debug] [2023-05-31T16:26:35.616Z] Command:       /Users/pizzapup/.nvm/versions/node/v18.13.0/bin/node /Users/pizzapup/.nvm/versions/node/v18.13.0/bin/firebase init
[debug] [2023-05-31T16:26:35.616Z] CLI Version:   12.2.1
[debug] [2023-05-31T16:26:35.616Z] Platform:      darwin
[debug] [2023-05-31T16:26:35.617Z] Node Version:  v18.13.0
[debug] [2023-05-31T16:26:35.618Z] Time:          Wed May 31 2023 11:26:35 GMT-0500 (Central Daylight Time)
[debug] [2023-05-31T16:26:35.618Z] ----------------------------------------------------------------------
[debug] 
[debug] [2023-05-31T16:26:35.663Z] Field ".database.rules" in "firebase.json" is possibly invalid: should be string
[debug] [2023-05-31T16:26:35.663Z] Field ".database" in "firebase.json" is possibly invalid: should be array
[debug] [2023-05-31T16:26:35.663Z] Field ".database" in "firebase.json" is possibly invalid: should match some schema in anyOf
[debug] [2023-05-31T16:26:35.665Z] > command requires scopes: ["email","openid","https://www.googleapis.com/auth/cloudplatformprojects.readonly","https://www.googleapis.com/auth/firebase","https://www.googleapis.com/auth/cloud-platform"]
[debug] [2023-05-31T16:26:35.666Z] > authorizing via signed-in user (hardwickariella@gmail.com)
[debug] [2023-05-31T16:26:35.666Z] Field ".database.rules" in "firebase.json" is possibly invalid: should be string
[debug] [2023-05-31T16:26:35.666Z] Field ".database" in "firebase.json" is possibly invalid: should be array
[debug] [2023-05-31T16:26:35.666Z] Field ".database" in "firebase.json" is possibly invalid: should match some schema in anyOf
[info] 
     ######## #### ########  ######## ########     ###     ######  ########
     ##        ##  ##     ## ##       ##     ##  ##   ##  ##       ##
     ######    ##  ########  ######   ########  #########  ######  ######
     ##        ##  ##    ##  ##       ##     ## ##     ##       ## ##
     ##       #### ##     ## ######## ########  ##     ##  ######  ########

You're about to initialize a Firebase project in this directory:

  /Users/pizzapup/silver-ann-app

Before we get started, keep in mind:

  * You are initializing within an existing Firebase project directory

